Arguments: 
  /usr/local/bin/node /usr/local/bin/yarn

PATH: 
  /usr/local/bin:/usr/bin:/bin:/usr/sbin:/sbin:/Applications/Postgres.app/Contents/Versions/latest/bin:/Users/viooi/.cargo/bin:/Users/viooi/.fig/bin:/Users/viooi/.local/bin

Yarn version: 
  1.22.19

Node version: 
  18.8.0

Platform: 
  darwin x64

Trace: 
  SyntaxError: /Users/viooi/Documents/Code/NestJS/pavl/client/package.json: Unexpected string in JSON at position 341
      at JSON.parse (<anonymous>)
      at /usr/local/lib/node_modules/yarn/lib/cli.js:1629:59
      at Generator.next (<anonymous>)
      at step (/usr/local/lib/node_modules/yarn/lib/cli.js:310:30)
      at /usr/local/lib/node_modules/yarn/lib/cli.js:321:13

npm manifest: 
  {
    "name": "vite-template-solid",
    "version": "0.0.0",
    "description": "",
    "scripts": {
      "dev": "vite",
      "build": "vite build",
      "serve": "vite preview"
    },
    "license": "MIT",
    "devDependencies": {
      "typescript": "^4.8.2",
      "vite": "^3.0.9",
      "vite-plugin-solid": "^2.3.0",
      "vite-plugin-windicss": "^1.8.7"
      "vite-plugin-solid-svg": "^0.4.1"
    },
    "dependencies": {
      "solid-js": "^1.5.1",
      "effector": "^22.3.0",
      "effector-solid": "^0.22.2",
      "axios": "^0.27.2",
      "@motionone/solid": "^10.14.1",
      "@solid-primitives/keyed": "^1.0.2",
      "@solidjs/router": "^0.4.2",
      "motion": "^10.14.0"
    }
  }

yarn manifest: 
  No manifest

Lockfile: 
  No lockfile
